# JRE version: OpenJDK Runtime Environment (8.0_212-b04) (build 1.8.0_212-b04)
# Java VM: OpenJDK 64-Bit Server VM (25.212-b04 mixed mode linux-amd64 compressed oops)
Heap:
 PSYoungGen      total 170496K, used 24844K [0x00000000ecd00000, 0x00000000fd400000, 0x0000000100000000)
  eden space 79872K, 0% used [0x00000000ecd00000,0x00000000ecd00000,0x00000000f1b00000)
  from space 90624K, 27% used [0x00000000f7b80000,0x00000000f93c3068,0x00000000fd400000)
  to   space 94720K, 0% used [0x00000000f1b00000,0x00000000f1b00000,0x00000000f7780000)
 ParOldGen       total 142336K, used 142319K [0x00000000c6600000, 0x00000000cf100000, 0x00000000ecd00000)
  object space 142336K, 99% used [0x00000000c6600000,0x00000000cf0fbf60,0x00000000cf100000)
 Metaspace       used 8580K, capacity 8910K, committed 9216K, reserved 1056768K
  class space    used 1077K, capacity 1187K, committed 1280K, reserved 1048576K
GC Heap History (10 events):
Event: 27,629 GC heap after
Heap after GC invocations=23 (full 5):
 PSYoungGen      total 161792K, used 0K [0x00000000ecd00000, 0x00000000fd200000, 0x0000000100000000)
  eden space 57344K, 0% used [0x00000000ecd00000,0x00000000ecd00000,0x00000000f0500000)
  from space 104448K, 0% used [0x00000000f6b00000,0x00000000f6b00000,0x00000000fd100000)
  to   space 104448K, 0% used [0x00000000f0500000,0x00000000f0500000,0x00000000f6b00000)
 ParOldGen       total 142336K, used 8727K [0x00000000c6600000, 0x00000000cf100000, 0x00000000ecd00000)
  object space 142336K, 6% used [0x00000000c6600000,0x00000000c6e85e10,0x00000000cf100000)
 Metaspace       used 8580K, capacity 8910K, committed 9216K, reserved 1056768K
  class space    used 1077K, capacity 1187K, committed 1280K, reserved 1048576K
}
Event: 28,304 GC heap before
{Heap before GC invocations=24 (full 5):
 PSYoungGen      total 161792K, used 57344K [0x00000000ecd00000, 0x00000000fd200000, 0x0000000100000000)
  eden space 57344K, 100% used [0x00000000ecd00000,0x00000000f0500000,0x00000000f0500000)
  from space 104448K, 0% used [0x00000000f6b00000,0x00000000f6b00000,0x00000000fd100000)
  to   space 104448K, 0% used [0x00000000f0500000,0x00000000f0500000,0x00000000f6b00000)
 ParOldGen       total 142336K, used 8727K [0x00000000c6600000, 0x00000000cf100000, 0x00000000ecd00000)
  object space 142336K, 6% used [0x00000000c6600000,0x00000000c6e85e10,0x00000000cf100000)
 Metaspace       used 8580K, capacity 8910K, committed 9216K, reserved 1056768K
  class space    used 1077K, capacity 1187K, committed 1280K, reserved 1048576K
Event: 28,330 GC heap after
Heap after GC invocations=24 (full 5):
 PSYoungGen      total 161792K, used 37216K [0x00000000ecd00000, 0x00000000fd980000, 0x0000000100000000)
  eden space 57344K, 0% used [0x00000000ecd00000,0x00000000ecd00000,0x00000000f0500000)
  from space 104448K, 35% used [0x00000000f0500000,0x00000000f2958000,0x00000000f6b00000)
  to   space 104448K, 0% used [0x00000000f7380000,0x00000000f7380000,0x00000000fd980000)
 ParOldGen       total 142336K, used 8727K [0x00000000c6600000, 0x00000000cf100000, 0x00000000ecd00000)
  object space 142336K, 6% used [0x00000000c6600000,0x00000000c6e85e10,0x00000000cf100000)
 Metaspace       used 8580K, capacity 8910K, committed 9216K, reserved 1056768K
  class space    used 1077K, capacity 1187K, committed 1280K, reserved 1048576K
}
Event: 28,384 GC heap before
{Heap before GC invocations=25 (full 5):
 PSYoungGen      total 161792K, used 94560K [0x00000000ecd00000, 0x00000000fd980000, 0x0000000100000000)
  eden space 57344K, 100% used [0x00000000ecd00000,0x00000000f0500000,0x00000000f0500000)
  from space 104448K, 35% used [0x00000000f0500000,0x00000000f2958000,0x00000000f6b00000)
  to   space 104448K, 0% used [0x00000000f7380000,0x00000000f7380000,0x00000000fd980000)
 ParOldGen       total 142336K, used 8727K [0x00000000c6600000, 0x00000000cf100000, 0x00000000ecd00000)
  object space 142336K, 6% used [0x00000000c6600000,0x00000000c6e85e10,0x00000000cf100000)
 Metaspace       used 8580K, capacity 8910K, committed 9216K, reserved 1056768K
  class space    used 1077K, capacity 1187K, committed 1280K, reserved 1048576K
Event: 28,439 GC heap after
Heap after GC invocations=25 (full 5):
 PSYoungGen      total 170496K, used 37220K [0x00000000ecd00000, 0x00000000fdb00000, 0x0000000100000000)
  eden space 66048K, 0% used [0x00000000ecd00000,0x00000000ecd00000,0x00000000f0d80000)
  from space 104448K, 35% used [0x00000000f7380000,0x00000000f97d9278,0x00000000fd980000)
  to   space 104448K, 0% used [0x00000000f0d80000,0x00000000f0d80000,0x00000000f7380000)
 ParOldGen       total 142336K, used 46111K [0x00000000c6600000, 0x00000000cf100000, 0x00000000ecd00000)
  object space 142336K, 32% used [0x00000000c6600000,0x00000000c9307e10,0x00000000cf100000)
 Metaspace       used 8580K, capacity 8910K, committed 9216K, reserved 1056768K
  class space    used 1077K, capacity 1187K, committed 1280K, reserved 1048576K
}
Event: 28,497 GC heap before
{Heap before GC invocations=26 (full 5):
 PSYoungGen      total 170496K, used 103268K [0x00000000ecd00000, 0x00000000fdb00000, 0x0000000100000000)
  eden space 66048K, 100% used [0x00000000ecd00000,0x00000000f0d80000,0x00000000f0d80000)
  from space 104448K, 35% used [0x00000000f7380000,0x00000000f97d9278,0x00000000fd980000)
  to   space 104448K, 0% used [0x00000000f0d80000,0x00000000f0d80000,0x00000000f7380000)
 ParOldGen       total 142336K, used 46111K [0x00000000c6600000, 0x00000000cf100000, 0x00000000ecd00000)
  object space 142336K, 32% used [0x00000000c6600000,0x00000000c9307e10,0x00000000cf100000)
 Metaspace       used 8580K, capacity 8910K, committed 9216K, reserved 1056768K
  class space    used 1077K, capacity 1187K, committed 1280K, reserved 1048576K
Event: 28,555 GC heap after
Heap after GC invocations=26 (full 5):
 PSYoungGen      total 170496K, used 42870K [0x00000000ecd00000, 0x00000000fdc80000, 0x0000000100000000)
  eden space 66048K, 0% used [0x00000000ecd00000,0x00000000ecd00000,0x00000000f0d80000)
  from space 104448K, 41% used [0x00000000f0d80000,0x00000000f375dba8,0x00000000f7380000)
  to   space 99328K, 0% used [0x00000000f7b80000,0x00000000f7b80000,0x00000000fdc80000)
 ParOldGen       total 142336K, used 83471K [0x00000000c6600000, 0x00000000cf100000, 0x00000000ecd00000)
  object space 142336K, 58% used [0x00000000c6600000,0x00000000cb783e10,0x00000000cf100000)
 Metaspace       used 8580K, capacity 8910K, committed 9216K, reserved 1056768K
  class space    used 1077K, capacity 1187K, committed 1280K, reserved 1048576K
}
Event: 28,611 GC heap before
{Heap before GC invocations=27 (full 5):
 PSYoungGen      total 170496K, used 108918K [0x00000000ecd00000, 0x00000000fdc80000, 0x0000000100000000)
  eden space 66048K, 100% used [0x00000000ecd00000,0x00000000f0d80000,0x00000000f0d80000)
  from space 104448K, 41% used [0x00000000f0d80000,0x00000000f375dba8,0x00000000f7380000)
  to   space 99328K, 0% used [0x00000000f7b80000,0x00000000f7b80000,0x00000000fdc80000)
 ParOldGen       total 142336K, used 83471K [0x00000000c6600000, 0x00000000cf100000, 0x00000000ecd00000)
  object space 142336K, 58% used [0x00000000c6600000,0x00000000cb783e10,0x00000000cf100000)
 Metaspace       used 8580K, capacity 8910K, committed 9216K, reserved 1056768K
  class space    used 1077K, capacity 1187K, committed 1280K, reserved 1048576K
Event: 28,673 GC heap after
Heap after GC invocations=27 (full 5):
 PSYoungGen      total 170496K, used 42898K [0x00000000ecd00000, 0x00000000fd400000, 0x0000000100000000)
  eden space 79872K, 0% used [0x00000000ecd00000,0x00000000ecd00000,0x00000000f1b00000)
  from space 90624K, 47% used [0x00000000f7b80000,0x00000000fa564970,0x00000000fd400000)
  to   space 94720K, 0% used [0x00000000f1b00000,0x00000000f1b00000,0x00000000f7780000)
 ParOldGen       total 142336K, used 126503K [0x00000000c6600000, 0x00000000cf100000, 0x00000000ecd00000)
  object space 142336K, 88% used [0x00000000c6600000,0x00000000ce189e10,0x00000000cf100000)
 Metaspace       used 8580K, capacity 8910K, committed 9216K, reserved 1056768K
  class space    used 1077K, capacity 1187K, committed 1280K, reserved 1048576K
}
Event: 28,673 GC heap before
{Heap before GC invocations=28 (full 6):
 PSYoungGen      total 170496K, used 42898K [0x00000000ecd00000, 0x00000000fd400000, 0x0000000100000000)
  eden space 79872K, 0% used [0x00000000ecd00000,0x00000000ecd00000,0x00000000f1b00000)
  from space 90624K, 47% used [0x00000000f7b80000,0x00000000fa564970,0x00000000fd400000)
  to   space 94720K, 0% used [0x00000000f1b00000,0x00000000f1b00000,0x00000000f7780000)
 ParOldGen       total 142336K, used 126503K [0x00000000c6600000, 0x00000000cf100000, 0x00000000ecd00000)
  object space 142336K, 88% used [0x00000000c6600000,0x00000000ce189e10,0x00000000cf100000)
 Metaspace       used 8580K, capacity 8910K, committed 9216K, reserved 1056768K
  class space    used 1077K, capacity 1187K, committed 1280K, reserved 1048576K

