# JRE version: OpenJDK Runtime Environment (8.0_212-b04) (build 1.8.0_212-b04)
# Java VM: OpenJDK 64-Bit Server VM (25.212-b04 mixed mode linux-amd64 compressed oops)
Heap:
 PSYoungGen      total 197120K, used 0K [0x00000000ecd00000, 0x00000000fff00000, 0x0000000100000000)
  eden space 92672K, 0% used [0x00000000ecd00000,0x00000000ecd00000,0x00000000f2780000)
  from space 104448K, 0% used [0x00000000f2780000,0x00000000f2780000,0x00000000f8d80000)
  to   space 104448K, 0% used [0x00000000f9900000,0x00000000f9900000,0x00000000fff00000)
 ParOldGen       total 214016K, used 189525K [0x00000000c6600000, 0x00000000d3700000, 0x00000000ecd00000)
  object space 214016K, 88% used [0x00000000c6600000,0x00000000d1f15630,0x00000000d3700000)
 Metaspace       used 8732K, capacity 9150K, committed 9472K, reserved 1056768K
  class space    used 1101K, capacity 1199K, committed 1280K, reserved 1048576K
GC Heap History (10 events):
Event: 16,003 GC heap after
Heap after GC invocations=29 (full 5):
 PSYoungGen      total 185344K, used 88210K [0x00000000ecd00000, 0x00000000fe880000, 0x0000000100000000)
  eden space 80896K, 0% used [0x00000000ecd00000,0x00000000ecd00000,0x00000000f1c00000)
  from space 104448K, 84% used [0x00000000f8200000,0x00000000fd824970,0x00000000fe800000)
  to   space 104448K, 0% used [0x00000000f1c00000,0x00000000f1c00000,0x00000000f8200000)
 ParOldGen       total 169472K, used 134572K [0x00000000c6600000, 0x00000000d0b80000, 0x00000000ecd00000)
  object space 169472K, 79% used [0x00000000c6600000,0x00000000ce96b380,0x00000000d0b80000)
 Metaspace       used 8647K, capacity 9052K, committed 9216K, reserved 1056768K
  class space    used 1092K, capacity 1190K, committed 1280K, reserved 1048576K
}
Event: 16,003 GC heap before
{Heap before GC invocations=30 (full 6):
 PSYoungGen      total 185344K, used 88210K [0x00000000ecd00000, 0x00000000fe880000, 0x0000000100000000)
  eden space 80896K, 0% used [0x00000000ecd00000,0x00000000ecd00000,0x00000000f1c00000)
  from space 104448K, 84% used [0x00000000f8200000,0x00000000fd824970,0x00000000fe800000)
  to   space 104448K, 0% used [0x00000000f1c00000,0x00000000f1c00000,0x00000000f8200000)
 ParOldGen       total 169472K, used 134572K [0x00000000c6600000, 0x00000000d0b80000, 0x00000000ecd00000)
  object space 169472K, 79% used [0x00000000c6600000,0x00000000ce96b380,0x00000000d0b80000)
 Metaspace       used 8647K, capacity 9052K, committed 9216K, reserved 1056768K
  class space    used 1092K, capacity 1190K, committed 1280K, reserved 1048576K
Event: 16,139 GC heap after
Heap after GC invocations=30 (full 6):
 PSYoungGen      total 185344K, used 0K [0x00000000ecd00000, 0x00000000fe880000, 0x0000000100000000)
  eden space 80896K, 0% used [0x00000000ecd00000,0x00000000ecd00000,0x00000000f1c00000)
  from space 104448K, 0% used [0x00000000f8200000,0x00000000f8200000,0x00000000fe800000)
  to   space 104448K, 0% used [0x00000000f1c00000,0x00000000f1c00000,0x00000000f8200000)
 ParOldGen       total 214016K, used 33605K [0x00000000c6600000, 0x00000000d3700000, 0x00000000ecd00000)
  object space 214016K, 15% used [0x00000000c6600000,0x00000000c86d1710,0x00000000d3700000)
 Metaspace       used 8647K, capacity 9052K, committed 9216K, reserved 1056768K
  class space    used 1092K, capacity 1190K, committed 1280K, reserved 1048576K
}
Event: 16,348 GC heap before
{Heap before GC invocations=31 (full 6):
 PSYoungGen      total 185344K, used 80896K [0x00000000ecd00000, 0x00000000fe880000, 0x0000000100000000)
  eden space 80896K, 100% used [0x00000000ecd00000,0x00000000f1c00000,0x00000000f1c00000)
  from space 104448K, 0% used [0x00000000f8200000,0x00000000f8200000,0x00000000fe800000)
  to   space 104448K, 0% used [0x00000000f1c00000,0x00000000f1c00000,0x00000000f8200000)
 ParOldGen       total 214016K, used 33605K [0x00000000c6600000, 0x00000000d3700000, 0x00000000ecd00000)
  object space 214016K, 15% used [0x00000000c6600000,0x00000000c86d1710,0x00000000d3700000)
 Metaspace       used 8647K, capacity 9052K, committed 9216K, reserved 1056768K
  class space    used 1092K, capacity 1190K, committed 1280K, reserved 1048576K
Event: 16,392 GC heap after
Heap after GC invocations=31 (full 6):
 PSYoungGen      total 185344K, used 52484K [0x00000000ecd00000, 0x00000000ff400000, 0x0000000100000000)
  eden space 80896K, 0% used [0x00000000ecd00000,0x00000000ecd00000,0x00000000f1c00000)
  from space 104448K, 50% used [0x00000000f1c00000,0x00000000f4f41278,0x00000000f8200000)
  to   space 104448K, 0% used [0x00000000f8e00000,0x00000000f8e00000,0x00000000ff400000)
 ParOldGen       total 214016K, used 33605K [0x00000000c6600000, 0x00000000d3700000, 0x00000000ecd00000)
  object space 214016K, 15% used [0x00000000c6600000,0x00000000c86d1710,0x00000000d3700000)
 Metaspace       used 8647K, capacity 9052K, committed 9216K, reserved 1056768K
  class space    used 1092K, capacity 1190K, committed 1280K, reserved 1048576K
}
Event: 16,715 GC heap before
{Heap before GC invocations=32 (full 6):
 PSYoungGen      total 185344K, used 133380K [0x00000000ecd00000, 0x00000000ff400000, 0x0000000100000000)
  eden space 80896K, 100% used [0x00000000ecd00000,0x00000000f1c00000,0x00000000f1c00000)
  from space 104448K, 50% used [0x00000000f1c00000,0x00000000f4f41278,0x00000000f8200000)
  to   space 104448K, 0% used [0x00000000f8e00000,0x00000000f8e00000,0x00000000ff400000)
 ParOldGen       total 214016K, used 33605K [0x00000000c6600000, 0x00000000d3700000, 0x00000000ecd00000)
  object space 214016K, 15% used [0x00000000c6600000,0x00000000c86d1710,0x00000000d3700000)
 Metaspace       used 8647K, capacity 9052K, committed 9216K, reserved 1056768K
  class space    used 1092K, capacity 1190K, committed 1280K, reserved 1048576K
Event: 16,796 GC heap after
Heap after GC invocations=32 (full 6):
 PSYoungGen      total 196608K, used 52534K [0x00000000ecd00000, 0x00000000ff380000, 0x0000000100000000)
  eden space 92672K, 0% used [0x00000000ecd00000,0x00000000ecd00000,0x00000000f2780000)
  from space 103936K, 50% used [0x00000000f8e00000,0x00000000fc14dba8,0x00000000ff380000)
  to   space 104448K, 0% used [0x00000000f2780000,0x00000000f2780000,0x00000000f8d80000)
 ParOldGen       total 214016K, used 86333K [0x00000000c6600000, 0x00000000d3700000, 0x00000000ecd00000)
  object space 214016K, 40% used [0x00000000c6600000,0x00000000cba4f710,0x00000000d3700000)
 Metaspace       used 8647K, capacity 9052K, committed 9216K, reserved 1056768K
  class space    used 1092K, capacity 1190K, committed 1280K, reserved 1048576K
}
Event: 19,785 GC heap before
{Heap before GC invocations=33 (full 6):
 PSYoungGen      total 196608K, used 145206K [0x00000000ecd00000, 0x00000000ff380000, 0x0000000100000000)
  eden space 92672K, 100% used [0x00000000ecd00000,0x00000000f2780000,0x00000000f2780000)
  from space 103936K, 50% used [0x00000000f8e00000,0x00000000fc14dba8,0x00000000ff380000)
  to   space 104448K, 0% used [0x00000000f2780000,0x00000000f2780000,0x00000000f8d80000)
 ParOldGen       total 214016K, used 86333K [0x00000000c6600000, 0x00000000d3700000, 0x00000000ecd00000)
  object space 214016K, 40% used [0x00000000c6600000,0x00000000cba4f710,0x00000000d3700000)
 Metaspace       used 8732K, capacity 9150K, committed 9472K, reserved 1056768K
  class space    used 1101K, capacity 1199K, committed 1280K, reserved 1048576K
Event: 19,864 GC heap after
Heap after GC invocations=33 (full 6):
 PSYoungGen      total 197120K, used 52612K [0x00000000ecd00000, 0x00000000fff00000, 0x0000000100000000)
  eden space 92672K, 0% used [0x00000000ecd00000,0x00000000ecd00000,0x00000000f2780000)
  from space 104448K, 50% used [0x00000000f2780000,0x00000000f5ae12e0,0x00000000f8d80000)
  to   space 104448K, 0% used [0x00000000f9900000,0x00000000f9900000,0x00000000fff00000)
 ParOldGen       total 214016K, used 139045K [0x00000000c6600000, 0x00000000d3700000, 0x00000000ecd00000)
  object space 214016K, 64% used [0x00000000c6600000,0x00000000cedc9710,0x00000000d3700000)
 Metaspace       used 8732K, capacity 9150K, committed 9472K, reserved 1056768K
  class space    used 1101K, capacity 1199K, committed 1280K, reserved 1048576K
}
Event: 19,864 GC heap before
{Heap before GC invocations=34 (full 7):
 PSYoungGen      total 197120K, used 52612K [0x00000000ecd00000, 0x00000000fff00000, 0x0000000100000000)
  eden space 92672K, 0% used [0x00000000ecd00000,0x00000000ecd00000,0x00000000f2780000)
  from space 104448K, 50% used [0x00000000f2780000,0x00000000f5ae12e0,0x00000000f8d80000)
  to   space 104448K, 0% used [0x00000000f9900000,0x00000000f9900000,0x00000000fff00000)
 ParOldGen       total 214016K, used 139045K [0x00000000c6600000, 0x00000000d3700000, 0x00000000ecd00000)
  object space 214016K, 64% used [0x00000000c6600000,0x00000000cedc9710,0x00000000d3700000)
 Metaspace       used 8732K, capacity 9150K, committed 9472K, reserved 1056768K
  class space    used 1101K, capacity 1199K, committed 1280K, reserved 1048576K

